<?xml version="1.0" encoding="UTF-8"?>
<testsuite name="com.springboot.toy.webService.web.PostsApiControllerTest" tests="2" skipped="0" failures="0" errors="0" timestamp="2020-11-08T06:19:06" hostname="DESKTOP-P5U707N" time="0.114">
  <properties/>
  <testcase name="Posts_등록된다" classname="com.springboot.toy.webService.web.PostsApiControllerTest" time="0.086"/>
  <testcase name="Posts_수정된다" classname="com.springboot.toy.webService.web.PostsApiControllerTest" time="0.027"/>
  <system-out><![CDATA[2020-11-08 15:19:06.882  INFO 6440 --- [    Test worker] .b.t.c.SpringBootTestContextBootstrapper : Neither @ContextConfiguration nor @ContextHierarchy found for test class [com.springboot.toy.webService.web.PostsApiControllerTest], using SpringBootContextLoader
2020-11-08 15:19:06.883  INFO 6440 --- [    Test worker] o.s.t.c.support.AbstractContextLoader    : Could not detect default resource locations for test class [com.springboot.toy.webService.web.PostsApiControllerTest]: no resource found for suffixes {-context.xml, Context.groovy}.
2020-11-08 15:19:06.883  INFO 6440 --- [    Test worker] t.c.s.AnnotationConfigContextLoaderUtils : Could not detect default configuration classes for test class [com.springboot.toy.webService.web.PostsApiControllerTest]: PostsApiControllerTest does not declare any static, non-private, non-final, nested classes annotated with @Configuration.
2020-11-08 15:19:06.885  INFO 6440 --- [    Test worker] .b.t.c.SpringBootTestContextBootstrapper : Found @SpringBootConfiguration com.springboot.toy.webService.Application for test class com.springboot.toy.webService.web.PostsApiControllerTest
2020-11-08 15:19:06.887  INFO 6440 --- [    Test worker] .b.t.c.SpringBootTestContextBootstrapper : Loaded default TestExecutionListener class names from location [META-INF/spring.factories]: [org.springframework.security.test.context.support.WithSecurityContextTestExecutionListener, org.springframework.security.test.context.support.ReactorContextTestExecutionListener, org.springframework.boot.test.autoconfigure.restdocs.RestDocsTestExecutionListener, org.springframework.boot.test.autoconfigure.web.client.MockRestServiceServerResetTestExecutionListener, org.springframework.boot.test.autoconfigure.web.servlet.MockMvcPrintOnlyOnFailureTestExecutionListener, org.springframework.boot.test.autoconfigure.web.servlet.WebDriverTestExecutionListener, org.springframework.boot.test.mock.mockito.MockitoTestExecutionListener, org.springframework.boot.test.mock.mockito.ResetMocksTestExecutionListener, org.springframework.test.context.web.ServletTestExecutionListener, org.springframework.test.context.support.DirtiesContextBeforeModesTestExecutionListener, org.springframework.test.context.support.DependencyInjectionTestExecutionListener, org.springframework.test.context.support.DirtiesContextTestExecutionListener, org.springframework.test.context.transaction.TransactionalTestExecutionListener, org.springframework.test.context.jdbc.SqlScriptsTestExecutionListener]
2020-11-08 15:19:06.888  INFO 6440 --- [    Test worker] .b.t.c.SpringBootTestContextBootstrapper : Using TestExecutionListeners: [org.springframework.test.context.web.ServletTestExecutionListener@227915fb, org.springframework.test.context.support.DirtiesContextBeforeModesTestExecutionListener@409bd614, org.springframework.boot.test.mock.mockito.MockitoTestExecutionListener@4d7e1195, org.springframework.boot.test.autoconfigure.SpringBootDependencyInjectionTestExecutionListener@36dd221b, org.springframework.test.context.support.DirtiesContextTestExecutionListener@5ce13ff6, org.springframework.test.context.transaction.TransactionalTestExecutionListener@42d47908, org.springframework.test.context.jdbc.SqlScriptsTestExecutionListener@7f1b2a7e, org.springframework.security.test.context.support.WithSecurityContextTestExecutionListener@2009027c, org.springframework.security.test.context.support.ReactorContextTestExecutionListener@75c29704, org.springframework.boot.test.autoconfigure.restdocs.RestDocsTestExecutionListener@14bfac8d, org.springframework.boot.test.autoconfigure.web.client.MockRestServiceServerResetTestExecutionListener@32d12cbe, org.springframework.boot.test.autoconfigure.web.servlet.MockMvcPrintOnlyOnFailureTestExecutionListener@5aa3c27a, org.springframework.boot.test.autoconfigure.web.servlet.WebDriverTestExecutionListener@3b38149d, org.springframework.boot.test.mock.mockito.ResetMocksTestExecutionListener@528a0cb3]
2020-11-08 15:19:06.897  INFO 6440 --- [    Test worker] o.a.c.c.C.[Tomcat].[localhost].[/]       : Initializing Spring TestDispatcherServlet ''
2020-11-08 15:19:06.897  INFO 6440 --- [    Test worker] o.s.t.web.servlet.TestDispatcherServlet  : Initializing Servlet ''
2020-11-08 15:19:06.899  INFO 6440 --- [    Test worker] o.s.t.web.servlet.TestDispatcherServlet  : Completed initialization in 2 ms
Hibernate: insert into posts (created_date, modified_date, author, content, title) values (?, ?, ?, ?, ?)
Hibernate: select posts0_.id as id1_0_, posts0_.created_date as created_2_0_, posts0_.modified_date as modified3_0_, posts0_.author as author4_0_, posts0_.content as content5_0_, posts0_.title as title6_0_ from posts posts0_
Hibernate: select posts0_.id as id1_0_, posts0_.created_date as created_2_0_, posts0_.modified_date as modified3_0_, posts0_.author as author4_0_, posts0_.content as content5_0_, posts0_.title as title6_0_ from posts posts0_
Hibernate: delete from posts where id=?
2020-11-08 15:19:06.980  INFO 6440 --- [    Test worker] o.a.c.c.C.[Tomcat].[localhost].[/]       : Initializing Spring TestDispatcherServlet ''
2020-11-08 15:19:06.981  INFO 6440 --- [    Test worker] o.s.t.web.servlet.TestDispatcherServlet  : Initializing Servlet ''
2020-11-08 15:19:06.983  INFO 6440 --- [    Test worker] o.s.t.web.servlet.TestDispatcherServlet  : Completed initialization in 2 ms
Hibernate: insert into posts (created_date, modified_date, author, content, title) values (?, ?, ?, ?, ?)
Hibernate: select posts0_.id as id1_0_0_, posts0_.created_date as created_2_0_0_, posts0_.modified_date as modified3_0_0_, posts0_.author as author4_0_0_, posts0_.content as content5_0_0_, posts0_.title as title6_0_0_ from posts posts0_ where posts0_.id=?
Hibernate: update posts set created_date=?, modified_date=?, author=?, content=?, title=? where id=?
Hibernate: select posts0_.id as id1_0_, posts0_.created_date as created_2_0_, posts0_.modified_date as modified3_0_, posts0_.author as author4_0_, posts0_.content as content5_0_, posts0_.title as title6_0_ from posts posts0_
Hibernate: select posts0_.id as id1_0_, posts0_.created_date as created_2_0_, posts0_.modified_date as modified3_0_, posts0_.author as author4_0_, posts0_.content as content5_0_, posts0_.title as title6_0_ from posts posts0_
Hibernate: delete from posts where id=?
]]></system-out>
  <system-err><![CDATA[]]></system-err>
</testsuite>
