<?xml version="1.0" encoding="UTF-8"?>
<testsuite name="com.springboot.toy.webService.dto.HelloResponseDtoTest" tests="1" skipped="0" failures="0" errors="0" timestamp="2020-11-08T06:19:04" hostname="DESKTOP-P5U707N" time="0.002">
  <properties/>
  <testcase name="롬복_기능_테스트" classname="com.springboot.toy.webService.dto.HelloResponseDtoTest" time="0.002"/>
  <system-out><![CDATA[]]></system-out>
  <system-err><![CDATA[]]></system-err>
</testsuite>
