<?xml version="1.0" encoding="UTF-8"?>
<testsuite name="com.springboot.toy.webService.HelloControllerTest" tests="2" skipped="0" failures="0" errors="0" timestamp="2020-11-08T06:18:58" hostname="DESKTOP-P5U707N" time="0.345">
  <properties/>
  <testcase name="helloDto가_리턴된다" classname="com.springboot.toy.webService.HelloControllerTest" time="0.336"/>
  <testcase name="Hello가_리턴된다" classname="com.springboot.toy.webService.HelloControllerTest" time="0.008"/>
  <system-out><![CDATA[15:18:55.795 [Test worker] DEBUG org.springframework.test.context.junit4.SpringJUnit4ClassRunner - SpringJUnit4ClassRunner constructor called with [class com.springboot.toy.webService.HelloControllerTest]
15:18:55.802 [Test worker] DEBUG org.springframework.test.context.BootstrapUtils - Instantiating CacheAwareContextLoaderDelegate from class [org.springframework.test.context.cache.DefaultCacheAwareContextLoaderDelegate]
15:18:55.813 [Test worker] DEBUG org.springframework.test.context.BootstrapUtils - Instantiating BootstrapContext using constructor [public org.springframework.test.context.support.DefaultBootstrapContext(java.lang.Class,org.springframework.test.context.CacheAwareContextLoaderDelegate)]
15:18:55.831 [Test worker] DEBUG org.springframework.test.context.BootstrapUtils - Instantiating TestContextBootstrapper for test class [com.springboot.toy.webService.HelloControllerTest] from class [org.springframework.boot.test.autoconfigure.web.servlet.WebMvcTestContextBootstrapper]
15:18:55.852 [Test worker] INFO org.springframework.boot.test.autoconfigure.web.servlet.WebMvcTestContextBootstrapper - Neither @ContextConfiguration nor @ContextHierarchy found for test class [com.springboot.toy.webService.HelloControllerTest], using SpringBootContextLoader
15:18:55.856 [Test worker] DEBUG org.springframework.test.context.support.AbstractContextLoader - Did not detect default resource location for test class [com.springboot.toy.webService.HelloControllerTest]: class path resource [com/springboot/toy/webService/HelloControllerTest-context.xml] does not exist
15:18:55.856 [Test worker] DEBUG org.springframework.test.context.support.AbstractContextLoader - Did not detect default resource location for test class [com.springboot.toy.webService.HelloControllerTest]: class path resource [com/springboot/toy/webService/HelloControllerTestContext.groovy] does not exist
15:18:55.856 [Test worker] INFO org.springframework.test.context.support.AbstractContextLoader - Could not detect default resource locations for test class [com.springboot.toy.webService.HelloControllerTest]: no resource found for suffixes {-context.xml, Context.groovy}.
15:18:55.857 [Test worker] INFO org.springframework.test.context.support.AnnotationConfigContextLoaderUtils - Could not detect default configuration classes for test class [com.springboot.toy.webService.HelloControllerTest]: HelloControllerTest does not declare any static, non-private, non-final, nested classes annotated with @Configuration.
15:18:55.925 [Test worker] DEBUG org.springframework.test.context.support.ActiveProfilesUtils - Could not find an 'annotation declaring class' for annotation type [org.springframework.test.context.ActiveProfiles] and class [com.springboot.toy.webService.HelloControllerTest]
15:18:55.987 [Test worker] DEBUG org.springframework.context.annotation.ClassPathScanningCandidateComponentProvider - Identified candidate component class: file [C:\dev\Toy\build\classes\java\main\com\springboot\toy\webService\Application.class]
15:18:55.988 [Test worker] INFO org.springframework.boot.test.context.SpringBootTestContextBootstrapper - Found @SpringBootConfiguration com.springboot.toy.webService.Application for test class com.springboot.toy.webService.HelloControllerTest
15:18:55.991 [Test worker] DEBUG org.springframework.boot.test.autoconfigure.web.servlet.WebMvcTestContextBootstrapper - @TestExecutionListeners is not present for class [com.springboot.toy.webService.HelloControllerTest]: using defaults.
15:18:55.992 [Test worker] INFO org.springframework.boot.test.autoconfigure.web.servlet.WebMvcTestContextBootstrapper - Loaded default TestExecutionListener class names from location [META-INF/spring.factories]: [org.springframework.security.test.context.support.WithSecurityContextTestExecutionListener, org.springframework.security.test.context.support.ReactorContextTestExecutionListener, org.springframework.boot.test.autoconfigure.restdocs.RestDocsTestExecutionListener, org.springframework.boot.test.autoconfigure.web.client.MockRestServiceServerResetTestExecutionListener, org.springframework.boot.test.autoconfigure.web.servlet.MockMvcPrintOnlyOnFailureTestExecutionListener, org.springframework.boot.test.autoconfigure.web.servlet.WebDriverTestExecutionListener, org.springframework.boot.test.mock.mockito.MockitoTestExecutionListener, org.springframework.boot.test.mock.mockito.ResetMocksTestExecutionListener, org.springframework.test.context.web.ServletTestExecutionListener, org.springframework.test.context.support.DirtiesContextBeforeModesTestExecutionListener, org.springframework.test.context.support.DependencyInjectionTestExecutionListener, org.springframework.test.context.support.DirtiesContextTestExecutionListener, org.springframework.test.context.transaction.TransactionalTestExecutionListener, org.springframework.test.context.jdbc.SqlScriptsTestExecutionListener]
15:18:56.019 [Test worker] INFO org.springframework.boot.test.autoconfigure.web.servlet.WebMvcTestContextBootstrapper - Using TestExecutionListeners: [org.springframework.test.context.web.ServletTestExecutionListener@52aaaccd, org.springframework.test.context.support.DirtiesContextBeforeModesTestExecutionListener@62081ce1, org.springframework.boot.test.mock.mockito.MockitoTestExecutionListener@3bf5e865, org.springframework.boot.test.autoconfigure.SpringBootDependencyInjectionTestExecutionListener@6431dc8d, org.springframework.test.context.support.DirtiesContextTestExecutionListener@63fac802, org.springframework.test.context.transaction.TransactionalTestExecutionListener@41b72f88, org.springframework.test.context.jdbc.SqlScriptsTestExecutionListener@5515511b, org.springframework.security.test.context.support.WithSecurityContextTestExecutionListener@3faa3a80, org.springframework.security.test.context.support.ReactorContextTestExecutionListener@a255faf, org.springframework.boot.test.autoconfigure.restdocs.RestDocsTestExecutionListener@7216fa0c, org.springframework.boot.test.autoconfigure.web.client.MockRestServiceServerResetTestExecutionListener@d74f0dc, org.springframework.boot.test.autoconfigure.web.servlet.MockMvcPrintOnlyOnFailureTestExecutionListener@6364b5c8, org.springframework.boot.test.autoconfigure.web.servlet.WebDriverTestExecutionListener@439c462c, org.springframework.boot.test.mock.mockito.ResetMocksTestExecutionListener@61f12c9]
15:18:56.022 [Test worker] DEBUG org.springframework.test.annotation.ProfileValueUtils - Retrieved @ProfileValueSourceConfiguration [null] for test class [com.springboot.toy.webService.HelloControllerTest]
15:18:56.022 [Test worker] DEBUG org.springframework.test.annotation.ProfileValueUtils - Retrieved ProfileValueSource type [class org.springframework.test.annotation.SystemProfileValueSource] for class [com.springboot.toy.webService.HelloControllerTest]
15:18:56.023 [Test worker] DEBUG org.springframework.test.annotation.ProfileValueUtils - Retrieved @ProfileValueSourceConfiguration [null] for test class [com.springboot.toy.webService.HelloControllerTest]
15:18:56.023 [Test worker] DEBUG org.springframework.test.annotation.ProfileValueUtils - Retrieved ProfileValueSource type [class org.springframework.test.annotation.SystemProfileValueSource] for class [com.springboot.toy.webService.HelloControllerTest]
15:18:56.028 [Test worker] DEBUG org.springframework.test.context.support.AbstractDirtiesContextTestExecutionListener - Before test class: context [DefaultTestContext@6aa0d37c testClass = HelloControllerTest, testInstance = [null], testMethod = [null], testException = [null], mergedContextConfiguration = [WebMergedContextConfiguration@4d0b51ba testClass = HelloControllerTest, locations = '{}', classes = '{class com.springboot.toy.webService.Application}', contextInitializerClasses = '[]', activeProfiles = '{}', propertySourceLocations = '{}', propertySourceProperties = '{org.springframework.boot.test.autoconfigure.web.servlet.WebMvcTestContextBootstrapper=true}', contextCustomizers = set[org.springframework.boot.test.autoconfigure.OverrideAutoConfigurationContextCustomizerFactory$DisableAutoConfigurationContextCustomizer@5a94b2fb, org.springframework.boot.test.autoconfigure.filter.TypeExcludeFiltersContextCustomizer@c28ba2a7, org.springframework.boot.test.autoconfigure.properties.PropertyMappingContextCustomizer@95c9367f, org.springframework.boot.test.autoconfigure.web.servlet.WebDriverContextCustomizerFactory$Customizer@52941091, [ImportsContextCustomizer@463708eb key = [org.springframework.boot.autoconfigure.cache.CacheAutoConfiguration, org.springframework.boot.autoconfigure.context.MessageSourceAutoConfiguration, org.springframework.boot.autoconfigure.data.web.SpringDataWebAutoConfiguration, org.springframework.boot.autoconfigure.freemarker.FreeMarkerAutoConfiguration, org.springframework.boot.autoconfigure.groovy.template.GroovyTemplateAutoConfiguration, org.springframework.boot.autoconfigure.gson.GsonAutoConfiguration, org.springframework.boot.autoconfigure.hateoas.HypermediaAutoConfiguration, org.springframework.boot.autoconfigure.http.HttpMessageConvertersAutoConfiguration, org.springframework.boot.autoconfigure.jackson.JacksonAutoConfiguration, org.springframework.boot.autoconfigure.jsonb.JsonbAutoConfiguration, org.springframework.boot.autoconfigure.mustache.MustacheAutoConfiguration, org.springframework.boot.autoconfigure.task.TaskExecutionAutoConfiguration, org.springframework.boot.autoconfigure.thymeleaf.ThymeleafAutoConfiguration, org.springframework.boot.autoconfigure.validation.ValidationAutoConfiguration, org.springframework.boot.autoconfigure.web.servlet.error.ErrorMvcAutoConfiguration, org.springframework.boot.autoconfigure.web.servlet.WebMvcAutoConfiguration, org.springframework.boot.test.autoconfigure.web.servlet.MockMvcAutoConfiguration, org.springframework.boot.test.autoconfigure.web.servlet.MockMvcSecurityAutoConfiguration, org.springframework.boot.test.autoconfigure.web.servlet.MockMvcWebClientAutoConfiguration, org.springframework.boot.test.autoconfigure.web.servlet.MockMvcWebDriverAutoConfiguration]], org.springframework.boot.test.context.filter.ExcludeFilterContextCustomizer@2e2a025c, org.springframework.boot.test.json.DuplicateJsonObjectContextCustomizerFactory$DuplicateJsonObjectContextCustomizer@4d3f8e9, org.springframework.boot.test.mock.mockito.MockitoContextCustomizer@0], resourceBasePath = 'src/main/webapp', contextLoader = 'org.springframework.boot.test.context.SpringBootContextLoader', parent = [null]], attributes = map[[empty]]], class annotated with @DirtiesContext [false] with mode [null].
15:18:56.028 [Test worker] DEBUG org.springframework.test.annotation.ProfileValueUtils - Retrieved @ProfileValueSourceConfiguration [null] for test class [com.springboot.toy.webService.HelloControllerTest]
15:18:56.029 [Test worker] DEBUG org.springframework.test.annotation.ProfileValueUtils - Retrieved ProfileValueSource type [class org.springframework.test.annotation.SystemProfileValueSource] for class [com.springboot.toy.webService.HelloControllerTest]
15:18:56.033 [Test worker] DEBUG org.springframework.test.context.support.DependencyInjectionTestExecutionListener - Performing dependency injection for test context [[DefaultTestContext@6aa0d37c testClass = HelloControllerTest, testInstance = com.springboot.toy.webService.HelloControllerTest@5fe35d06, testMethod = [null], testException = [null], mergedContextConfiguration = [WebMergedContextConfiguration@4d0b51ba testClass = HelloControllerTest, locations = '{}', classes = '{class com.springboot.toy.webService.Application}', contextInitializerClasses = '[]', activeProfiles = '{}', propertySourceLocations = '{}', propertySourceProperties = '{org.springframework.boot.test.autoconfigure.web.servlet.WebMvcTestContextBootstrapper=true}', contextCustomizers = set[org.springframework.boot.test.autoconfigure.OverrideAutoConfigurationContextCustomizerFactory$DisableAutoConfigurationContextCustomizer@5a94b2fb, org.springframework.boot.test.autoconfigure.filter.TypeExcludeFiltersContextCustomizer@c28ba2a7, org.springframework.boot.test.autoconfigure.properties.PropertyMappingContextCustomizer@95c9367f, org.springframework.boot.test.autoconfigure.web.servlet.WebDriverContextCustomizerFactory$Customizer@52941091, [ImportsContextCustomizer@463708eb key = [org.springframework.boot.autoconfigure.cache.CacheAutoConfiguration, org.springframework.boot.autoconfigure.context.MessageSourceAutoConfiguration, org.springframework.boot.autoconfigure.data.web.SpringDataWebAutoConfiguration, org.springframework.boot.autoconfigure.freemarker.FreeMarkerAutoConfiguration, org.springframework.boot.autoconfigure.groovy.template.GroovyTemplateAutoConfiguration, org.springframework.boot.autoconfigure.gson.GsonAutoConfiguration, org.springframework.boot.autoconfigure.hateoas.HypermediaAutoConfiguration, org.springframework.boot.autoconfigure.http.HttpMessageConvertersAutoConfiguration, org.springframework.boot.autoconfigure.jackson.JacksonAutoConfiguration, org.springframework.boot.autoconfigure.jsonb.JsonbAutoConfiguration, org.springframework.boot.autoconfigure.mustache.MustacheAutoConfiguration, org.springframework.boot.autoconfigure.task.TaskExecutionAutoConfiguration, org.springframework.boot.autoconfigure.thymeleaf.ThymeleafAutoConfiguration, org.springframework.boot.autoconfigure.validation.ValidationAutoConfiguration, org.springframework.boot.autoconfigure.web.servlet.error.ErrorMvcAutoConfiguration, org.springframework.boot.autoconfigure.web.servlet.WebMvcAutoConfiguration, org.springframework.boot.test.autoconfigure.web.servlet.MockMvcAutoConfiguration, org.springframework.boot.test.autoconfigure.web.servlet.MockMvcSecurityAutoConfiguration, org.springframework.boot.test.autoconfigure.web.servlet.MockMvcWebClientAutoConfiguration, org.springframework.boot.test.autoconfigure.web.servlet.MockMvcWebDriverAutoConfiguration]], org.springframework.boot.test.context.filter.ExcludeFilterContextCustomizer@2e2a025c, org.springframework.boot.test.json.DuplicateJsonObjectContextCustomizerFactory$DuplicateJsonObjectContextCustomizer@4d3f8e9, org.springframework.boot.test.mock.mockito.MockitoContextCustomizer@0], resourceBasePath = 'src/main/webapp', contextLoader = 'org.springframework.boot.test.context.SpringBootContextLoader', parent = [null]], attributes = map[[empty]]]].
15:18:56.169 [Test worker] DEBUG org.springframework.test.context.support.TestPropertySourceUtils - Adding inlined properties to environment: {spring.jmx.enabled=false, org.springframework.boot.test.autoconfigure.web.servlet.WebMvcTestContextBootstrapper=true, server.port=-1}

  .   ____          _            __ _ _
 /\\ / ___'_ __ _ _(_)_ __  __ _ \ \ \ \
( ( )\___ | '_ | '_| | '_ \/ _` | \ \ \ \
 \\/  ___)| |_)| | | | | || (_| |  ) ) ) )
  '  |____| .__|_| |_|_| |_\__, | / / / /
 =========|_|==============|___/=/_/_/_/
 :: Spring Boot ::        (v2.1.7.RELEASE)

2020-11-08 15:18:56.429  INFO 6440 --- [    Test worker] c.s.toy.webService.HelloControllerTest   : Starting HelloControllerTest on DESKTOP-P5U707N with PID 6440 (started by CHOIMINSU in C:\dev\Toy)
2020-11-08 15:18:56.432  INFO 6440 --- [    Test worker] c.s.toy.webService.HelloControllerTest   : No active profile set, falling back to default profiles: default
2020-11-08 15:18:57.881  INFO 6440 --- [    Test worker] o.s.s.concurrent.ThreadPoolTaskExecutor  : Initializing ExecutorService 'applicationTaskExecutor'
2020-11-08 15:18:57.981  INFO 6440 --- [    Test worker] o.s.b.a.w.s.WelcomePageHandlerMapping    : Adding welcome page template: index
2020-11-08 15:18:58.333  INFO 6440 --- [    Test worker] .s.s.UserDetailsServiceAutoConfiguration : 

Using generated security password: 68c71fc8-9cf3-41ac-b03a-d690d33e6be6

2020-11-08 15:18:58.617  INFO 6440 --- [    Test worker] o.s.s.web.DefaultSecurityFilterChain     : Creating filter chain: any request, [org.springframework.security.web.context.request.async.WebAsyncManagerIntegrationFilter@3a346c89, org.springframework.security.web.context.SecurityContextPersistenceFilter@13523483, org.springframework.security.web.header.HeaderWriterFilter@765678cb, org.springframework.security.web.csrf.CsrfFilter@34cf1c50, org.springframework.security.web.authentication.logout.LogoutFilter@72e628ca, org.springframework.security.web.authentication.UsernamePasswordAuthenticationFilter@66eaf90d, org.springframework.security.web.authentication.ui.DefaultLoginPageGeneratingFilter@7eb4dbf1, org.springframework.security.web.authentication.ui.DefaultLogoutPageGeneratingFilter@378bca5c, org.springframework.security.web.authentication.www.BasicAuthenticationFilter@1062e770, org.springframework.security.web.savedrequest.RequestCacheAwareFilter@2adcf984, org.springframework.security.web.servletapi.SecurityContextHolderAwareRequestFilter@588da4ea, org.springframework.security.web.authentication.AnonymousAuthenticationFilter@48dfd694, org.springframework.security.web.session.SessionManagementFilter@44414085, org.springframework.security.web.access.ExceptionTranslationFilter@31c21e93, org.springframework.security.web.access.intercept.FilterSecurityInterceptor@2c34c73a]
2020-11-08 15:18:58.668  INFO 6440 --- [    Test worker] o.s.b.t.m.w.SpringBootMockServletContext : Initializing Spring TestDispatcherServlet ''
2020-11-08 15:18:58.668  INFO 6440 --- [    Test worker] o.s.t.web.servlet.TestDispatcherServlet  : Initializing Servlet ''
2020-11-08 15:18:58.691  INFO 6440 --- [    Test worker] o.s.t.web.servlet.TestDispatcherServlet  : Completed initialization in 22 ms
2020-11-08 15:18:58.740  INFO 6440 --- [    Test worker] c.s.toy.webService.HelloControllerTest   : Started HelloControllerTest in 2.562 seconds (JVM running for 3.812)
]]></system-out>
  <system-err><![CDATA[]]></system-err>
</testsuite>
