<?xml version="1.0" encoding="UTF-8"?>
<testsuite name="com.springboot.toy.webService.web.IndexControllerTest" tests="1" skipped="0" failures="0" errors="0" timestamp="2020-11-08T06:19:06" hostname="DESKTOP-P5U707N" time="0.214">
  <properties/>
  <testcase name="메인페이지_로딩" classname="com.springboot.toy.webService.web.IndexControllerTest" time="0.214"/>
  <system-out><![CDATA[2020-11-08 15:19:04.117  INFO 6440 --- [    Test worker] .b.t.c.SpringBootTestContextBootstrapper : Neither @ContextConfiguration nor @ContextHierarchy found for test class [com.springboot.toy.webService.web.IndexControllerTest], using SpringBootContextLoader
2020-11-08 15:19:04.118  INFO 6440 --- [    Test worker] o.s.t.c.support.AbstractContextLoader    : Could not detect default resource locations for test class [com.springboot.toy.webService.web.IndexControllerTest]: no resource found for suffixes {-context.xml, Context.groovy}.
2020-11-08 15:19:04.118  INFO 6440 --- [    Test worker] t.c.s.AnnotationConfigContextLoaderUtils : Could not detect default configuration classes for test class [com.springboot.toy.webService.web.IndexControllerTest]: IndexControllerTest does not declare any static, non-private, non-final, nested classes annotated with @Configuration.
2020-11-08 15:19:04.130  INFO 6440 --- [    Test worker] .b.t.c.SpringBootTestContextBootstrapper : Found @SpringBootConfiguration com.springboot.toy.webService.Application for test class com.springboot.toy.webService.web.IndexControllerTest
2020-11-08 15:19:04.131  INFO 6440 --- [    Test worker] .b.t.c.SpringBootTestContextBootstrapper : Loaded default TestExecutionListener class names from location [META-INF/spring.factories]: [org.springframework.security.test.context.support.WithSecurityContextTestExecutionListener, org.springframework.security.test.context.support.ReactorContextTestExecutionListener, org.springframework.boot.test.autoconfigure.restdocs.RestDocsTestExecutionListener, org.springframework.boot.test.autoconfigure.web.client.MockRestServiceServerResetTestExecutionListener, org.springframework.boot.test.autoconfigure.web.servlet.MockMvcPrintOnlyOnFailureTestExecutionListener, org.springframework.boot.test.autoconfigure.web.servlet.WebDriverTestExecutionListener, org.springframework.boot.test.mock.mockito.MockitoTestExecutionListener, org.springframework.boot.test.mock.mockito.ResetMocksTestExecutionListener, org.springframework.test.context.web.ServletTestExecutionListener, org.springframework.test.context.support.DirtiesContextBeforeModesTestExecutionListener, org.springframework.test.context.support.DependencyInjectionTestExecutionListener, org.springframework.test.context.support.DirtiesContextTestExecutionListener, org.springframework.test.context.transaction.TransactionalTestExecutionListener, org.springframework.test.context.jdbc.SqlScriptsTestExecutionListener]
2020-11-08 15:19:04.132  INFO 6440 --- [    Test worker] .b.t.c.SpringBootTestContextBootstrapper : Using TestExecutionListeners: [org.springframework.test.context.web.ServletTestExecutionListener@736e86d, org.springframework.test.context.support.DirtiesContextBeforeModesTestExecutionListener@38f35760, org.springframework.boot.test.mock.mockito.MockitoTestExecutionListener@6bb37ed6, org.springframework.boot.test.autoconfigure.SpringBootDependencyInjectionTestExecutionListener@432df541, org.springframework.test.context.support.DirtiesContextTestExecutionListener@736818c9, org.springframework.test.context.transaction.TransactionalTestExecutionListener@51821993, org.springframework.test.context.jdbc.SqlScriptsTestExecutionListener@213798bb, org.springframework.security.test.context.support.WithSecurityContextTestExecutionListener@d1cf621, org.springframework.security.test.context.support.ReactorContextTestExecutionListener@3e01091b, org.springframework.boot.test.autoconfigure.restdocs.RestDocsTestExecutionListener@7f0ed1c9, org.springframework.boot.test.autoconfigure.web.client.MockRestServiceServerResetTestExecutionListener@62e17cd3, org.springframework.boot.test.autoconfigure.web.servlet.MockMvcPrintOnlyOnFailureTestExecutionListener@8a63350, org.springframework.boot.test.autoconfigure.web.servlet.WebDriverTestExecutionListener@3e59aa8e, org.springframework.boot.test.mock.mockito.ResetMocksTestExecutionListener@3750a415]

  .   ____          _            __ _ _
 /\\ / ___'_ __ _ _(_)_ __  __ _ \ \ \ \
( ( )\___ | '_ | '_| | '_ \/ _` | \ \ \ \
 \\/  ___)| |_)| | | | | || (_| |  ) ) ) )
  '  |____| .__|_| |_|_| |_\__, | / / / /
 =========|_|==============|___/=/_/_/_/
 :: Spring Boot ::        (v2.1.7.RELEASE)

2020-11-08 15:19:04.171  INFO 6440 --- [    Test worker] c.s.t.w.web.IndexControllerTest          : Starting IndexControllerTest on DESKTOP-P5U707N with PID 6440 (started by CHOIMINSU in C:\dev\Toy)
2020-11-08 15:19:04.171  INFO 6440 --- [    Test worker] c.s.t.w.web.IndexControllerTest          : No active profile set, falling back to default profiles: default
2020-11-08 15:19:04.417  INFO 6440 --- [    Test worker] .s.d.r.c.RepositoryConfigurationDelegate : Bootstrapping Spring Data repositories in DEFAULT mode.
2020-11-08 15:19:04.447  INFO 6440 --- [    Test worker] .s.d.r.c.RepositoryConfigurationDelegate : Finished Spring Data repository scanning in 30ms. Found 2 repository interfaces.
2020-11-08 15:19:04.550  INFO 6440 --- [    Test worker] trationDelegate$BeanPostProcessorChecker : Bean 'org.springframework.transaction.annotation.ProxyTransactionManagementConfiguration' of type [org.springframework.transaction.annotation.ProxyTransactionManagementConfiguration$$EnhancerBySpringCGLIB$$66ef22c7] is not eligible for getting processed by all BeanPostProcessors (for example: not eligible for auto-proxying)
2020-11-08 15:19:04.831  INFO 6440 --- [    Test worker] o.s.b.w.embedded.tomcat.TomcatWebServer  : Tomcat initialized with port(s): 0 (http)
2020-11-08 15:19:04.864  INFO 6440 --- [    Test worker] o.apache.catalina.core.StandardService   : Starting service [Tomcat]
2020-11-08 15:19:04.865  INFO 6440 --- [    Test worker] org.apache.catalina.core.StandardEngine  : Starting Servlet engine: [Apache Tomcat/9.0.22]
2020-11-08 15:19:05.043  INFO 6440 --- [    Test worker] o.a.c.c.C.[Tomcat].[localhost].[/]       : Initializing Spring embedded WebApplicationContext
2020-11-08 15:19:05.044  INFO 6440 --- [    Test worker] o.s.web.context.ContextLoader            : Root WebApplicationContext: initialization completed in 871 ms
2020-11-08 15:19:05.239  INFO 6440 --- [    Test worker] com.zaxxer.hikari.HikariDataSource       : HikariPool-2 - Starting...
2020-11-08 15:19:05.240  INFO 6440 --- [    Test worker] com.zaxxer.hikari.HikariDataSource       : HikariPool-2 - Start completed.
2020-11-08 15:19:05.285  INFO 6440 --- [    Test worker] o.hibernate.jpa.internal.util.LogHelper  : HHH000204: Processing PersistenceUnitInfo [
	name: default
	...]
2020-11-08 15:19:05.301  INFO 6440 --- [    Test worker] org.hibernate.dialect.Dialect            : HHH000400: Using dialect: org.hibernate.dialect.MySQL5InnoDBDialect
Hibernate: drop table if exists posts
Hibernate: drop table if exists user
Hibernate: create table posts (id bigint not null auto_increment, created_date datetime, modified_date datetime, author varchar(255), content TEXT not null, title varchar(500) not null, primary key (id)) engine=InnoDB
Hibernate: create table user (id bigint not null auto_increment, created_date datetime, modified_date datetime, email varchar(255) not null, name varchar(255) not null, picture varchar(255), role varchar(255) not null, primary key (id)) engine=InnoDB
2020-11-08 15:19:05.353  INFO 6440 --- [    Test worker] o.h.t.schema.internal.SchemaCreatorImpl  : HHH000476: Executing import script 'org.hibernate.tool.schema.internal.exec.ScriptSourceInputNonExistentImpl@6f871372'
2020-11-08 15:19:05.354  INFO 6440 --- [    Test worker] j.LocalContainerEntityManagerFactoryBean : Initialized JPA EntityManagerFactory for persistence unit 'default'
2020-11-08 15:19:05.726  INFO 6440 --- [    Test worker] o.h.h.i.QueryTranslatorFactoryInitiator  : HHH000397: Using ASTQueryTranslatorFactory
2020-11-08 15:19:05.902  INFO 6440 --- [    Test worker] o.s.s.web.DefaultSecurityFilterChain     : Creating filter chain: any request, [org.springframework.security.web.context.request.async.WebAsyncManagerIntegrationFilter@357f4227, org.springframework.security.web.context.SecurityContextPersistenceFilter@63abe604, org.springframework.security.web.header.HeaderWriterFilter@5ba7a0a9, org.springframework.security.web.authentication.logout.LogoutFilter@7dbad5b, org.springframework.security.oauth2.client.web.OAuth2AuthorizationRequestRedirectFilter@773a7a6e, org.springframework.security.oauth2.client.web.OAuth2LoginAuthenticationFilter@5f078558, org.springframework.security.web.authentication.ui.DefaultLoginPageGeneratingFilter@3b7ce7f6, org.springframework.security.web.authentication.ui.DefaultLogoutPageGeneratingFilter@1d1f7f36, org.springframework.security.web.savedrequest.RequestCacheAwareFilter@4b76f145, org.springframework.security.web.servletapi.SecurityContextHolderAwareRequestFilter@2db2a26a, org.springframework.security.web.authentication.AnonymousAuthenticationFilter@39d28ff1, org.springframework.security.web.session.SessionManagementFilter@7a1d98a2, org.springframework.security.web.access.ExceptionTranslationFilter@1587be5a, org.springframework.security.web.access.intercept.FilterSecurityInterceptor@1c168bdd]
2020-11-08 15:19:06.152  INFO 6440 --- [    Test worker] o.s.s.concurrent.ThreadPoolTaskExecutor  : Initializing ExecutorService 'applicationTaskExecutor'
2020-11-08 15:19:06.175  WARN 6440 --- [    Test worker] aWebConfiguration$JpaWebMvcConfiguration : spring.jpa.open-in-view is enabled by default. Therefore, database queries may be performed during view rendering. Explicitly configure spring.jpa.open-in-view to disable this warning
2020-11-08 15:19:06.212  INFO 6440 --- [    Test worker] o.s.b.a.w.s.WelcomePageHandlerMapping    : Adding welcome page template: index
2020-11-08 15:19:06.629  INFO 6440 --- [    Test worker] s.a.ScheduledAnnotationBeanPostProcessor : No TaskScheduler/ScheduledExecutorService bean found for scheduled processing
2020-11-08 15:19:06.660  INFO 6440 --- [    Test worker] o.s.b.w.embedded.tomcat.TomcatWebServer  : Tomcat started on port(s): 7088 (http) with context path ''
2020-11-08 15:19:06.661  INFO 6440 --- [    Test worker] c.s.t.w.web.IndexControllerTest          : Started IndexControllerTest in 2.527 seconds (JVM running for 11.732)
2020-11-08 15:19:06.775  INFO 6440 --- [o-auto-1-exec-2] o.a.c.c.C.[Tomcat].[localhost].[/]       : Initializing Spring DispatcherServlet 'dispatcherServlet'
2020-11-08 15:19:06.775  INFO 6440 --- [o-auto-1-exec-2] o.s.web.servlet.DispatcherServlet        : Initializing Servlet 'dispatcherServlet'
2020-11-08 15:19:06.796  INFO 6440 --- [o-auto-1-exec-2] o.s.web.servlet.DispatcherServlet        : Completed initialization in 21 ms
Hibernate: select posts0_.id as id1_0_, posts0_.created_date as created_2_0_, posts0_.modified_date as modified3_0_, posts0_.author as author4_0_, posts0_.content as content5_0_, posts0_.title as title6_0_ from posts posts0_ order by posts0_.id DESC
]]></system-out>
  <system-err><![CDATA[]]></system-err>
</testsuite>
